This is pdfTeX, Version 3.141592653-2.6-1.40.26 (TeX Live 2024) (preloaded format=pdflatex 2024.10.21)  3 DEC 2025 17:05
entering extended mode
 restricted \write18 enabled.
 file:line:error style messages enabled.
 %&-line parsing enabled.
**/Users/david/Projects/davidMis.github.io/template.tex
(/Users/david/Projects/davidMis.github.io/template.tex
LaTeX2e <2023-11-01> patch level 1
L3 programming layer <2024-02-20>

/Users/david/Projects/davidMis.github.io/template.tex:4: LaTeX Error: Missing \begin{document}.

See the LaTeX manual or LaTeX Companion for explanation.
Type  H <return>  for immediate help.
 ...                                              
                                                  
l.4 $
     if(colorlinks)$
You're in trouble here.  Try typing  <return>  to proceed.
If that doesn't work, type  X <return>  to quit.

LaTeX Font Info:    External font `cmex10' loaded for size
(Font)              <7> on input line 4.
LaTeX Font Info:    External font `cmex10' loaded for size
(Font)              <5> on input line 4.

! LaTeX Error: File `$documentclass$.cls' not found.

Type X to quit or <RETURN> to proceed,
or enter new name. (Default extension: cls)

Enter file name: 
/Users/david/Projects/davidMis.github.io/template.tex:22: Emergency stop.
<read *> 
         
l.22 ^^M
        
*** (cannot \read from terminal in nonstop modes)

 
Here is how much of TeX's memory you used:
 41 strings out of 474116
 956 string characters out of 5743681
 1925187 words of memory out of 5000000
 22499 multiletter control sequences out of 15000+600000
 558069 words of font info for 36 fonts, out of 8000000 for 9000
 1141 hyphenation exceptions out of 8191
 19i,1n,29p,177b,57s stack positions out of 10000i,1000n,20000p,200000b,200000s
/Users/david/Projects/davidMis.github.io/template.tex:22:  ==> Fatal error occurred, no output PDF file produced!
